INFO 2019-11-04 21:19:40,407 root : ======================================
INFO 2019-11-04 21:19:40,408 root : Сервер доступний. Статуст код = 200
INFO 2019-11-04 21:19:40,408 root : Сервер доступний. Час на сервері: 2019-11-04T19:19:40.358
INFO 2019-11-04 21:19:40,408 root : ======================================
INFO 2019-11-04 21:19:40,409 root : Запитувана сторінка: : /health/
INFO 2019-11-04 21:19:40,409 root : Сервер: Linux
INFO 2019-11-04 21:19:40,409 root : Кієнт: python-requests/2.22.0
INFO 2019-11-04 21:20:40,527 root : ======================================
INFO 2019-11-04 21:20:40,527 root : Сервер доступний. Статуст код = 200
INFO 2019-11-04 21:20:40,527 root : Сервер доступний. Час на сервері: 2019-11-04T19:20:40.486
INFO 2019-11-04 21:20:40,527 root : ======================================
INFO 2019-11-04 21:20:40,527 root : Запитувана сторінка: : /health/
INFO 2019-11-04 21:20:40,527 root : Сервер: Linux
INFO 2019-11-04 21:20:40,528 root : Кієнт: python-requests/2.22.0
INFO 2019-11-04 21:21:40,635 root : ======================================
INFO 2019-11-04 21:21:40,635 root : Сервер доступний. Статуст код = 200
INFO 2019-11-04 21:21:40,635 root : Сервер доступний. Час на сервері: 2019-11-04T19:21:40.594
INFO 2019-11-04 21:21:40,635 root : ======================================
INFO 2019-11-04 21:21:40,635 root : Запитувана сторінка: : /health/
INFO 2019-11-04 21:21:40,635 root : Сервер: Linux
INFO 2019-11-04 21:21:40,635 root : Кієнт: python-requests/2.22.0
INFO 2019-11-04 21:22:40,700 root : ======================================
INFO 2019-11-04 21:22:40,700 root : Сервер доступний. Статуст код = 200
INFO 2019-11-04 21:22:40,701 root : Сервер доступний. Час на сервері: 2019-11-04T19:22:40.655
INFO 2019-11-04 21:22:40,701 root : ======================================
INFO 2019-11-04 21:22:40,701 root : Запитувана сторінка: : /health/
INFO 2019-11-04 21:22:40,701 root : Сервер: Linux
INFO 2019-11-04 21:22:40,701 root : Кієнт: python-requests/2.22.0
INFO 2019-11-04 21:23:40,824 root : ======================================
INFO 2019-11-04 21:23:40,824 root : Сервер доступний. Статуст код = 200
INFO 2019-11-04 21:23:40,824 root : Сервер доступний. Час на сервері: 2019-11-04T19:23:40.779
INFO 2019-11-04 21:23:40,824 root : ======================================
INFO 2019-11-04 21:23:40,824 root : Запитувана сторінка: : /health/
INFO 2019-11-04 21:23:40,824 root : Сервер: Linux
INFO 2019-11-04 21:23:40,824 root : Кієнт: python-requests/2.22.0
